<?xml version="1.0" encoding="UTF-8"?>
<!-- Generated by org.testng.reporters.JUnitXMLReporter -->
<testsuite ignored="0" hostname="DESKTOP-8FSIDU4" failures="0" tests="3" name="Test" time="82.489" errors="0" timestamp="2024-08-01T11:08:46 IST">
  <testcase classname="TestCases.CreateContactWithSupportStartandDate" name="conWithstartandendDate" time="18.432"/>
  <testcase classname="TestCases.CreateOrganizationWithIndustry" name="orgwithIndustry" time="13.103"/>
  <testcase classname="TestCases.CreateOrganization" name="createOrganization" time="12.781"/>
</testsuite> <!-- Test -->
